<?xml version="1.0" encoding="UTF-8"?>
<!-- Generated by org.testng.reporters.JUnitXMLReporter -->
<testsuite ignored="0" hostname="DESKTOP-BB6LDD0" failures="0" tests="4" name="Test" time="0.084" errors="0" timestamp="2021-03-14T17:10:54 IST">
  <testcase classname="learning.MavenJava.Selenium" name="BrowserAutomation" time="0.005"/>
  <testcase classname="learning.MavenJava.Selenium" name="testElements" time="0.0"/>
  <testcase classname="learning.MavenJava.Appium" name="fbtest" time="0.0"/>
  <testcase classname="learning.MavenJava.Appium" name="tweettest" time="0.0"/>
</testsuite> <!-- Test -->
