<?xml version="1.0" encoding="UTF-8"?>
<testng-results ignored="0" total="4" passed="4" failed="0" skipped="0">
  <reporter-output>
  </reporter-output>
  <suite started-at="2021-03-14T17:10:54 IST" name="Suite" finished-at="2021-03-14T17:10:54 IST" duration-ms="84">
    <groups>
    </groups>
    <test started-at="2021-03-14T17:10:54 IST" name="Test" finished-at="2021-03-14T17:10:54 IST" duration-ms="84">
      <class name="learning.MavenJava.Appium">
        <test-method signature="fbtest()[pri:0, instance:learning.MavenJava.Appium@69930714]" started-at="2021-03-14T17:10:54 IST" name="fbtest" finished-at="2021-03-14T17:10:54 IST" duration-ms="0" status="PASS">
          <reporter-output>
          </reporter-output>
        </test-method> <!-- fbtest -->
        <test-method signature="tweettest()[pri:0, instance:learning.MavenJava.Appium@69930714]" started-at="2021-03-14T17:10:54 IST" name="tweettest" finished-at="2021-03-14T17:10:54 IST" duration-ms="0" status="PASS">
          <reporter-output>
          </reporter-output>
        </test-method> <!-- tweettest -->
      </class> <!-- learning.MavenJava.Appium -->
      <class name="learning.MavenJava.Selenium">
        <test-method signature="BrowserAutomation()[pri:0, instance:learning.MavenJava.Selenium@b62fe6d]" started-at="2021-03-14T17:10:54 IST" name="BrowserAutomation" finished-at="2021-03-14T17:10:54 IST" duration-ms="5" status="PASS">
          <reporter-output>
          </reporter-output>
        </test-method> <!-- BrowserAutomation -->
        <test-method signature="testElements()[pri:0, instance:learning.MavenJava.Selenium@b62fe6d]" started-at="2021-03-14T17:10:54 IST" name="testElements" finished-at="2021-03-14T17:10:54 IST" duration-ms="0" status="PASS">
          <reporter-output>
          </reporter-output>
        </test-method> <!-- testElements -->
      </class> <!-- learning.MavenJava.Selenium -->
    </test> <!-- Test -->
  </suite> <!-- Suite -->
</testng-results>
